<?xml version="1.0" encoding="UTF-8"?>
<testsuite name="kata.CharacterShould" tests="1" skipped="0" failures="0" errors="0" timestamp="2022-12-12T21:06:45" hostname="CO-acepedaNB.local" time="0.025">
  <properties/>
  <testcase name="should deal half damage if target is 5 or more levels()" classname="kata.CharacterShould" time="0.025"/>
  <system-out><![CDATA[]]></system-out>
  <system-err><![CDATA[]]></system-err>
</testsuite>
